<?xml version="1.0" encoding="UTF-8"?>
<testng-results skipped="0" failed="0" ignored="0" total="1" passed="1">
  <reporter-output>
  </reporter-output>
  <suite name="Default suite" duration-ms="25216" started-at="2020-05-31T11:02:38Z" finished-at="2020-05-31T11:03:03Z">
    <groups>
    </groups>
    <test name="Default test" duration-ms="25216" started-at="2020-05-31T11:02:38Z" finished-at="2020-05-31T11:03:03Z">
      <class name="com.automationpractice.test.SignUPTest">
        <test-method status="PASS" signature="setUp()[pri:0, instance:com.automationpractice.test.SignUPTest@523884b2]" name="setUp" is-config="true" duration-ms="22931" started-at="2020-05-31T11:02:38Z" finished-at="2020-05-31T11:03:01Z">
          <reporter-output>
          </reporter-output>
        </test-method> <!-- setUp -->
        <test-method status="PASS" signature="productDeatils()[pri:0, instance:com.automationpractice.test.SignUPTest@523884b2]" name="productDeatils" duration-ms="1555" started-at="2020-05-31T11:03:01Z" finished-at="2020-05-31T11:03:02Z">
          <reporter-output>
          </reporter-output>
        </test-method> <!-- productDeatils -->
        <test-method status="PASS" signature="teardown()[pri:0, instance:com.automationpractice.test.SignUPTest@523884b2]" name="teardown" is-config="true" duration-ms="700" started-at="2020-05-31T11:03:02Z" finished-at="2020-05-31T11:03:03Z">
          <reporter-output>
          </reporter-output>
        </test-method> <!-- teardown -->
      </class> <!-- com.automationpractice.test.SignUPTest -->
    </test> <!-- Default test -->
  </suite> <!-- Default suite -->
</testng-results>
